2025-05-05T18:53:02.888+01:00  INFO 20768 --- [enicargy_data] [restartedMain] o.e.b.BackendEnicargyApplication         : Starting BackendEnicargyApplication using Java 21.0.4 with PID 20768 (C:\Users\amani\Desktop\PlatDev\Enicargy-backend-\target\classes started by amani in C:\Users\amani\Desktop\PlatDev\Enicargy-backend-)
2025-05-05T18:53:02.890+01:00  INFO 20768 --- [enicargy_data] [restartedMain] o.e.b.BackendEnicargyApplication         : No active profile set, falling back to 1 default profile: "default"
2025-05-05T18:53:02.928+01:00  INFO 20768 --- [enicargy_data] [restartedMain] .e.DevToolsPropertyDefaultsPostProcessor : Devtools property defaults active! Set 'spring.devtools.add-properties' to 'false' to disable
2025-05-05T18:53:02.930+01:00  INFO 20768 --- [enicargy_data] [restartedMain] .e.DevToolsPropertyDefaultsPostProcessor : For additional web related logging consider setting the 'logging.level.web' property to 'DEBUG'
2025-05-05T18:53:03.406+01:00  INFO 20768 --- [enicargy_data] [restartedMain] .s.d.r.c.RepositoryConfigurationDelegate : Bootstrapping Spring Data JPA repositories in DEFAULT mode.
2025-05-05T18:53:03.462+01:00  INFO 20768 --- [enicargy_data] [restartedMain] .s.d.r.c.RepositoryConfigurationDelegate : Finished Spring Data repository scanning in 48 ms. Found 5 JPA repository interfaces.
2025-05-05T18:53:03.985+01:00  INFO 20768 --- [enicargy_data] [restartedMain] o.s.b.w.embedded.tomcat.TomcatWebServer  : Tomcat initialized with port 9090 (http)
2025-05-05T18:53:03.999+01:00  INFO 20768 --- [enicargy_data] [restartedMain] o.apache.catalina.core.StandardService   : Starting service [Tomcat]
2025-05-05T18:53:03.999+01:00  INFO 20768 --- [enicargy_data] [restartedMain] o.apache.catalina.core.StandardEngine    : Starting Servlet engine: [Apache Tomcat/10.1.39]
2025-05-05T18:53:04.030+01:00  INFO 20768 --- [enicargy_data] [restartedMain] o.a.c.c.C.[Tomcat].[localhost].[/]       : Initializing Spring embedded WebApplicationContext
2025-05-05T18:53:04.031+01:00  INFO 20768 --- [enicargy_data] [restartedMain] w.s.c.ServletWebServerApplicationContext : Root WebApplicationContext: initialization completed in 1100 ms
2025-05-05T18:53:04.139+01:00  INFO 20768 --- [enicargy_data] [restartedMain] o.hibernate.jpa.internal.util.LogHelper  : HHH000204: Processing PersistenceUnitInfo [name: default]
2025-05-05T18:53:04.171+01:00  INFO 20768 --- [enicargy_data] [restartedMain] org.hibernate.Version                    : HHH000412: Hibernate ORM core version 6.6.11.Final
2025-05-05T18:53:04.193+01:00  INFO 20768 --- [enicargy_data] [restartedMain] o.h.c.internal.RegionFactoryInitiator    : HHH000026: Second-level cache disabled
2025-05-05T18:53:04.355+01:00  INFO 20768 --- [enicargy_data] [restartedMain] o.s.o.j.p.SpringPersistenceUnitInfo      : No LoadTimeWeaver setup: ignoring JPA class transformer
2025-05-05T18:53:04.374+01:00  INFO 20768 --- [enicargy_data] [restartedMain] com.zaxxer.hikari.HikariDataSource       : HikariPool-1 - Starting...
2025-05-05T18:53:04.607+01:00  INFO 20768 --- [enicargy_data] [restartedMain] com.zaxxer.hikari.pool.HikariPool        : HikariPool-1 - Added connection com.mysql.cj.jdbc.ConnectionImpl@792d0256
2025-05-05T18:53:04.609+01:00  INFO 20768 --- [enicargy_data] [restartedMain] com.zaxxer.hikari.HikariDataSource       : HikariPool-1 - Start completed.
2025-05-05T18:53:04.639+01:00  WARN 20768 --- [enicargy_data] [restartedMain] org.hibernate.orm.deprecation            : HHH90000025: MySQL8Dialect does not need to be specified explicitly using 'hibernate.dialect' (remove the property setting and it will be selected by default)
2025-05-05T18:53:04.639+01:00  WARN 20768 --- [enicargy_data] [restartedMain] org.hibernate.orm.deprecation            : HHH90000026: MySQL8Dialect has been deprecated; use org.hibernate.dialect.MySQLDialect instead
2025-05-05T18:53:04.651+01:00  INFO 20768 --- [enicargy_data] [restartedMain] org.hibernate.orm.connections.pooling    : HHH10001005: Database info:
	Database JDBC URL [Connecting through datasource 'HikariDataSource (HikariPool-1)']
	Database driver: undefined/unknown
	Database version: 8.0
	Autocommit mode: undefined/unknown
	Isolation level: undefined/unknown
	Minimum pool size: undefined/unknown
	Maximum pool size: undefined/unknown
2025-05-05T18:53:05.307+01:00  INFO 20768 --- [enicargy_data] [restartedMain] o.h.e.t.j.p.i.JtaPlatformInitiator       : HHH000489: No JTA platform available (set 'hibernate.transaction.jta.platform' to enable JTA platform integration)
2025-05-05T18:53:05.503+01:00  INFO 20768 --- [enicargy_data] [restartedMain] j.LocalContainerEntityManagerFactoryBean : Initialized JPA EntityManagerFactory for persistence unit 'default'
2025-05-05T18:53:05.846+01:00  INFO 20768 --- [enicargy_data] [restartedMain] r$InitializeUserDetailsManagerConfigurer : Global AuthenticationManager configured with UserDetailsService bean with name userDetailsServiceImpl
2025-05-05T18:53:05.972+01:00  WARN 20768 --- [enicargy_data] [restartedMain] JpaBaseConfiguration$JpaWebConfiguration : spring.jpa.open-in-view is enabled by default. Therefore, database queries may be performed during view rendering. Explicitly configure spring.jpa.open-in-view to disable this warning
2025-05-05T18:53:06.033+01:00  WARN 20768 --- [enicargy_data] [restartedMain] thorizationManagerRequestMatcherRegistry : One of the patterns in [api/v1/auth/**] is missing a leading slash. This is discouraged; please include the leading slash in all your request matcher patterns. In future versions of Spring Security, leaving out the leading slash will result in an exception.
2025-05-05T18:53:06.526+01:00  INFO 20768 --- [enicargy_data] [restartedMain] o.s.b.d.a.OptionalLiveReloadServer       : LiveReload server is running on port 35729
2025-05-05T18:53:06.550+01:00  INFO 20768 --- [enicargy_data] [restartedMain] o.s.b.w.embedded.tomcat.TomcatWebServer  : Tomcat started on port 9090 (http) with context path '/'
2025-05-05T18:53:06.555+01:00  INFO 20768 --- [enicargy_data] [restartedMain] o.e.b.BackendEnicargyApplication         : Started BackendEnicargyApplication in 3.971 seconds (process running for 4.423)
2025-05-05T18:57:33.055+01:00  INFO 20768 --- [enicargy_data] [SpringApplicationShutdownHook] o.s.b.w.e.tomcat.GracefulShutdown        : Commencing graceful shutdown. Waiting for active requests to complete
2025-05-05T18:57:33.059+01:00  INFO 20768 --- [enicargy_data] [tomcat-shutdown] o.s.b.w.e.tomcat.GracefulShutdown        : Graceful shutdown complete
2025-05-05T18:57:33.062+01:00  INFO 20768 --- [enicargy_data] [SpringApplicationShutdownHook] j.LocalContainerEntityManagerFactoryBean : Closing JPA EntityManagerFactory for persistence unit 'default'
2025-05-05T18:57:33.064+01:00  INFO 20768 --- [enicargy_data] [SpringApplicationShutdownHook] com.zaxxer.hikari.HikariDataSource       : HikariPool-1 - Shutdown initiated...
2025-05-05T18:57:33.069+01:00  INFO 20768 --- [enicargy_data] [SpringApplicationShutdownHook] com.zaxxer.hikari.HikariDataSource       : HikariPool-1 - Shutdown completed.
2025-05-05T18:57:34.820+01:00  INFO 2008 --- [enicargy_data] [restartedMain] o.e.b.BackendEnicargyApplication         : Starting BackendEnicargyApplication using Java 21.0.4 with PID 2008 (C:\Users\amani\Desktop\PlatDev\Enicargy-backend-\target\classes started by amani in C:\Users\amani\Desktop\PlatDev\Enicargy-backend-)
2025-05-05T18:57:34.822+01:00  INFO 2008 --- [enicargy_data] [restartedMain] o.e.b.BackendEnicargyApplication         : No active profile set, falling back to 1 default profile: "default"
2025-05-05T18:57:34.858+01:00  INFO 2008 --- [enicargy_data] [restartedMain] .e.DevToolsPropertyDefaultsPostProcessor : Devtools property defaults active! Set 'spring.devtools.add-properties' to 'false' to disable
2025-05-05T18:57:34.858+01:00  INFO 2008 --- [enicargy_data] [restartedMain] .e.DevToolsPropertyDefaultsPostProcessor : For additional web related logging consider setting the 'logging.level.web' property to 'DEBUG'
2025-05-05T18:57:35.330+01:00  INFO 2008 --- [enicargy_data] [restartedMain] .s.d.r.c.RepositoryConfigurationDelegate : Bootstrapping Spring Data JPA repositories in DEFAULT mode.
2025-05-05T18:57:35.382+01:00  INFO 2008 --- [enicargy_data] [restartedMain] .s.d.r.c.RepositoryConfigurationDelegate : Finished Spring Data repository scanning in 45 ms. Found 5 JPA repository interfaces.
2025-05-05T18:57:35.907+01:00  INFO 2008 --- [enicargy_data] [restartedMain] o.s.b.w.embedded.tomcat.TomcatWebServer  : Tomcat initialized with port 9090 (http)
2025-05-05T18:57:35.917+01:00  INFO 2008 --- [enicargy_data] [restartedMain] o.apache.catalina.core.StandardService   : Starting service [Tomcat]
2025-05-05T18:57:35.917+01:00  INFO 2008 --- [enicargy_data] [restartedMain] o.apache.catalina.core.StandardEngine    : Starting Servlet engine: [Apache Tomcat/10.1.39]
2025-05-05T18:57:35.949+01:00  INFO 2008 --- [enicargy_data] [restartedMain] o.a.c.c.C.[Tomcat].[localhost].[/]       : Initializing Spring embedded WebApplicationContext
2025-05-05T18:57:35.949+01:00  INFO 2008 --- [enicargy_data] [restartedMain] w.s.c.ServletWebServerApplicationContext : Root WebApplicationContext: initialization completed in 1091 ms
2025-05-05T18:57:36.068+01:00  INFO 2008 --- [enicargy_data] [restartedMain] o.hibernate.jpa.internal.util.LogHelper  : HHH000204: Processing PersistenceUnitInfo [name: default]
2025-05-05T18:57:36.099+01:00  INFO 2008 --- [enicargy_data] [restartedMain] org.hibernate.Version                    : HHH000412: Hibernate ORM core version 6.6.11.Final
2025-05-05T18:57:36.120+01:00  INFO 2008 --- [enicargy_data] [restartedMain] o.h.c.internal.RegionFactoryInitiator    : HHH000026: Second-level cache disabled
2025-05-05T18:57:36.276+01:00  INFO 2008 --- [enicargy_data] [restartedMain] o.s.o.j.p.SpringPersistenceUnitInfo      : No LoadTimeWeaver setup: ignoring JPA class transformer
2025-05-05T18:57:36.299+01:00  INFO 2008 --- [enicargy_data] [restartedMain] com.zaxxer.hikari.HikariDataSource       : HikariPool-1 - Starting...
2025-05-05T18:57:36.496+01:00  INFO 2008 --- [enicargy_data] [restartedMain] com.zaxxer.hikari.pool.HikariPool        : HikariPool-1 - Added connection com.mysql.cj.jdbc.ConnectionImpl@769993ff
2025-05-05T18:57:36.497+01:00  INFO 2008 --- [enicargy_data] [restartedMain] com.zaxxer.hikari.HikariDataSource       : HikariPool-1 - Start completed.
2025-05-05T18:57:36.527+01:00  WARN 2008 --- [enicargy_data] [restartedMain] org.hibernate.orm.deprecation            : HHH90000025: MySQL8Dialect does not need to be specified explicitly using 'hibernate.dialect' (remove the property setting and it will be selected by default)
2025-05-05T18:57:36.528+01:00  WARN 2008 --- [enicargy_data] [restartedMain] org.hibernate.orm.deprecation            : HHH90000026: MySQL8Dialect has been deprecated; use org.hibernate.dialect.MySQLDialect instead
2025-05-05T18:57:36.538+01:00  INFO 2008 --- [enicargy_data] [restartedMain] org.hibernate.orm.connections.pooling    : HHH10001005: Database info:
	Database JDBC URL [Connecting through datasource 'HikariDataSource (HikariPool-1)']
	Database driver: undefined/unknown
	Database version: 8.0
	Autocommit mode: undefined/unknown
	Isolation level: undefined/unknown
	Minimum pool size: undefined/unknown
	Maximum pool size: undefined/unknown
2025-05-05T18:57:37.219+01:00  INFO 2008 --- [enicargy_data] [restartedMain] o.h.e.t.j.p.i.JtaPlatformInitiator       : HHH000489: No JTA platform available (set 'hibernate.transaction.jta.platform' to enable JTA platform integration)
2025-05-05T18:57:37.433+01:00  INFO 2008 --- [enicargy_data] [restartedMain] j.LocalContainerEntityManagerFactoryBean : Initialized JPA EntityManagerFactory for persistence unit 'default'
2025-05-05T18:57:37.779+01:00  INFO 2008 --- [enicargy_data] [restartedMain] r$InitializeUserDetailsManagerConfigurer : Global AuthenticationManager configured with UserDetailsService bean with name userDetailsServiceImpl
2025-05-05T18:57:37.903+01:00  WARN 2008 --- [enicargy_data] [restartedMain] JpaBaseConfiguration$JpaWebConfiguration : spring.jpa.open-in-view is enabled by default. Therefore, database queries may be performed during view rendering. Explicitly configure spring.jpa.open-in-view to disable this warning
2025-05-05T18:57:37.972+01:00  WARN 2008 --- [enicargy_data] [restartedMain] thorizationManagerRequestMatcherRegistry : One of the patterns in [api/v1/auth/**] is missing a leading slash. This is discouraged; please include the leading slash in all your request matcher patterns. In future versions of Spring Security, leaving out the leading slash will result in an exception.
2025-05-05T18:57:38.465+01:00  INFO 2008 --- [enicargy_data] [restartedMain] o.s.b.d.a.OptionalLiveReloadServer       : LiveReload server is running on port 35729
2025-05-05T18:57:38.492+01:00  INFO 2008 --- [enicargy_data] [restartedMain] o.s.b.w.embedded.tomcat.TomcatWebServer  : Tomcat started on port 9090 (http) with context path '/'
2025-05-05T18:57:38.497+01:00  INFO 2008 --- [enicargy_data] [restartedMain] o.e.b.BackendEnicargyApplication         : Started BackendEnicargyApplication in 4.0 seconds (process running for 4.53)
2025-05-05T19:00:40.181+01:00  INFO 2008 --- [enicargy_data] [File Watcher] rtingClassPathChangeChangedEventListener : Restarting due to 1 class path change (1 addition, 0 deletions, 0 modifications)
2025-05-05T19:00:40.187+01:00  INFO 2008 --- [enicargy_data] [Thread-5] o.s.b.w.e.tomcat.GracefulShutdown        : Commencing graceful shutdown. Waiting for active requests to complete
2025-05-05T19:00:40.195+01:00  INFO 2008 --- [enicargy_data] [tomcat-shutdown] o.s.b.w.e.tomcat.GracefulShutdown        : Graceful shutdown complete
2025-05-05T19:00:40.199+01:00  INFO 2008 --- [enicargy_data] [Thread-5] j.LocalContainerEntityManagerFactoryBean : Closing JPA EntityManagerFactory for persistence unit 'default'
2025-05-05T19:00:40.202+01:00  INFO 2008 --- [enicargy_data] [Thread-5] com.zaxxer.hikari.HikariDataSource       : HikariPool-1 - Shutdown initiated...
2025-05-05T19:00:40.211+01:00  INFO 2008 --- [enicargy_data] [Thread-5] com.zaxxer.hikari.HikariDataSource       : HikariPool-1 - Shutdown completed.
